Arguments: 
  C:\Program Files\nodejs\node.exe D:\Users\yl4293\AppData\Roaming\npm\node_modules\yarn\bin\yarn.js init

PATH: 
  C:\ProgramData\Oracle\Java\javapath;C:\Windows\system32;C:\Windows;C:\Windows\System32\Wbem;C:\Windows\System32\WindowsPowerShell\v1.0\;C:\Windows\System32\OpenSSH\;D:\Users\yl4293\AppData\Roaming\nvm;C:\Program Files\nodejs;C:\Program Files\TortoiseGit\bin;"C:\Program Files\Java\jdk1.8.0_161\bin;C:\Program Files\Java\jdk1.8.0_161\jre\bin";D:\Users\yl4293\AppData\Local\Microsoft\WindowsApps;D:\Users\yl4293\AppData\Local\Programs\Microsoft VS Code\bin;D:\Users\yl4293\AppData\Roaming\npm;D:\Users\yl4293\AppData\Roaming\nvm;C:\Program Files\nodejs

Yarn version: 
  1.22.11

Node version: 
  12.16.1

Platform: 
  win32 x64

Trace: 
  Error: canceled
      at Interface.<anonymous> (D:\Users\yl4293\AppData\Roaming\npm\node_modules\yarn\lib\cli.js:137023:13)
      at Interface.emit (events.js:311:20)
      at Interface._ttyWrite (readline.js:893:16)
      at ReadStream.onkeypress (readline.js:198:10)
      at ReadStream.emit (events.js:311:20)
      at emitKeys (internal/readline/utils.js:438:14)
      at emitKeys.next (<anonymous>)
      at ReadStream.onData (readline.js:1160:36)
      at ReadStream.emit (events.js:311:20)
      at addChunk (_stream_readable.js:294:12)

npm manifest: 
  No manifest

yarn manifest: 
  No manifest

Lockfile: 
  No lockfile
